<?xml version="1.0" encoding="UTF-8"?>
<testng-results ignored="0" total="1" passed="1" failed="0" skipped="0">
  <reporter-output>
  </reporter-output>
  <suite started-at="2021-05-31T13:22:29Z" name="Default suite" finished-at="2021-05-31T13:23:43Z" duration-ms="74607">
    <groups>
    </groups>
    <test started-at="2021-05-31T13:22:29Z" name="Default test" finished-at="2021-05-31T13:23:43Z" duration-ms="74607">
      <class name="com.avianca.test.BusquedaVueloTest">
        <test-method is-config="true" signature="inicializar()[pri:0, instance:com.avianca.test.BusquedaVueloTest@37b57b54]" started-at="2021-05-31T13:22:29Z" name="inicializar" finished-at="2021-05-31T13:22:31Z" duration-ms="2018" status="PASS">
          <reporter-output>
          </reporter-output>
        </test-method> <!-- inicializar -->
        <test-method signature="buscarVueloAvianca()[pri:0, instance:com.avianca.test.BusquedaVueloTest@37b57b54]" started-at="2021-05-31T13:22:31Z" name="buscarVueloAvianca" description="Buscar Vuelo Disponible en Avianca" finished-at="2021-05-31T13:23:42Z" duration-ms="71786" status="PASS">
          <reporter-output>
          </reporter-output>
        </test-method> <!-- buscarVueloAvianca -->
        <test-method is-config="true" signature="tearDown()[pri:0, instance:com.avianca.test.BusquedaVueloTest@37b57b54]" started-at="2021-05-31T13:23:42Z" name="tearDown" finished-at="2021-05-31T13:23:43Z" duration-ms="674" status="PASS">
          <reporter-output>
          </reporter-output>
        </test-method> <!-- tearDown -->
      </class> <!-- com.avianca.test.BusquedaVueloTest -->
    </test> <!-- Default test -->
  </suite> <!-- Default suite -->
</testng-results>
